<?xml version="1.0" encoding="UTF-8"?>
<!-- Generated by org.testng.reporters.JUnitReportReporter -->
<testsuite skipped="3" hostname="IPLSOFT-1" name="com.box.tests.TestngAnnotation" tests="9" failures="0" timestamp="15 Apr 2017 04:21:21 GMT" time="0.005" errors="0">
  <testcase name="testCase4" time="0.001" classname="com.box.tests.TestngAnnotation"/>
  <testcase name="testCase1" time="0.001" classname="com.box.tests.TestngAnnotation"/>
  <testcase name="testCase4" time="0.001" classname="com.box.tests.TestngAnnotation"/>
  <testcase name="testCase3" time="0.000" classname="com.box.tests.TestngAnnotation"/>
  <testcase name="testCase3" time="0.001" classname="com.box.tests.TestngAnnotation"/>
  <testcase name="testCase1" time="0.001" classname="com.box.tests.TestngAnnotation"/>
  <testcase name="testCase2" classname="com.box.tests.TestngAnnotation">
    <skipped/>
  </testcase> <!-- testCase2 -->
  <testcase name="testCase2" classname="com.box.tests.TestngAnnotation">
    <skipped/>
  </testcase> <!-- testCase2 -->
  <testcase name="testCase2" classname="com.box.tests.TestngAnnotation">
    <skipped/>
  </testcase> <!-- testCase2 -->
</testsuite> <!-- com.box.tests.TestngAnnotation -->
