<?xml version="1.0" encoding="UTF-8"?>
<!-- Generated by org.testng.reporters.JUnitReportReporter -->
<testsuite skipped="0" hostname="Dreambook.local" name="com.box.tests.DataProviderInAnotherClass" tests="3" failures="0" timestamp="15 Jun 2017 03:05:38 GMT" time="0.031" errors="0">
  <testcase name="testCase1" time="0.003" classname="com.box.tests.DataProviderInAnotherClass"/>
  <testcase name="testCase1" time="0.025" classname="com.box.tests.DataProviderInAnotherClass"/>
  <testcase name="testCase1" time="0.003" classname="com.box.tests.DataProviderInAnotherClass"/>
</testsuite> <!-- com.box.tests.DataProviderInAnotherClass -->
