<?xml version="1.0" encoding="UTF-8"?>
<!-- Generated by org.testng.reporters.JUnitReportReporter -->
<testsuite skipped="0" hostname="Dreambook.local" name="com.box.tests.MultipleTestData" tests="4" failures="0" timestamp="15 Jun 2017 03:13:37 GMT" time="0.030" errors="0">
  <testcase name="testCase1" time="0.007" classname="com.box.tests.MultipleTestData"/>
  <testcase name="testCase1" time="0.016" classname="com.box.tests.MultipleTestData"/>
  <testcase name="testCase1" time="0.005" classname="com.box.tests.MultipleTestData"/>
  <testcase name="testCase1" time="0.002" classname="com.box.tests.MultipleTestData"/>
</testsuite> <!-- com.box.tests.MultipleTestData -->
