<?xml version="1.0" encoding="UTF-8"?>
<!-- Generated by org.testng.reporters.JUnitReportReporter -->
<testsuite skipped="0" hostname="Dreambook.local" name="com.box.tests.DataProviderInSameClass" tests="3" failures="0" timestamp="15 Jun 2017 03:02:03 GMT" time="0.024" errors="0">
  <testcase name="testCase1" time="0.004" classname="com.box.tests.DataProviderInSameClass"/>
  <testcase name="testCase1" time="0.013" classname="com.box.tests.DataProviderInSameClass"/>
  <testcase name="testCase1" time="0.007" classname="com.box.tests.DataProviderInSameClass"/>
</testsuite> <!-- com.box.tests.DataProviderInSameClass -->
