<?xml version="1.0" encoding="UTF-8"?>
<!-- Generated by org.testng.reporters.JUnitReportReporter -->
<testsuite hostname="Dreambook.local" name="com.box.tests.TestNGException" tests="1" failures="0" timestamp="9 Mar 2017 12:39:55 GMT" time="0.014" errors="0">
  <testcase name="testException" time="0.014" classname="com.box.tests.TestNGException"/>
</testsuite> <!-- com.box.tests.TestNGException -->
